[2025-10-20 22:50:06] [INFO] Logging initialized: /workspaces/DigIlit/Z/Automation-Scripts/Z/LOGS/execution_20251020_225006.log
[2025-10-20 22:50:06] [INFO] Logging initialized: /workspaces/DigIlit/Z/Automation-Scripts/Z/LOGS/execution_20251020_225006.log
[2025-10-20 22:50:06] [INFO] â•â•â•â•â•â•â•â•â•â•â•â•â•â•â•â•â•â•â•â•â•â•â•â•â•â•â•â•â•â•â•â•â•â•â•â•â•â•â•â•â•â•â•â•â•â•â•â•â•â•â•â•â•â•â•
[2025-10-20 22:50:06] [INFO] â•â•â•â•â•â•â•â•â•â•â•â•â•â•â•â•â•â•â•â•â•â•â•â•â•â•â•â•â•â•â•â•â•â•â•â•â•â•â•â•â•â•â•â•â•â•â•â•â•â•â•â•â•â•â•
[2025-10-20 22:50:06] [INFO] Dig|lit Six Sigma Analysis Engine 2.0.0-SixSigma
[2025-10-20 22:50:06] [INFO] Dig|lit Six Sigma Analysis Engine 2.0.0-SixSigma
[2025-10-20 22:50:06] [INFO] Started at: 2025-10-20 22:50:06
[2025-10-20 22:50:06] [INFO] Started at: 2025-10-20 22:50:06
[2025-10-20 22:50:06] [INFO] Working directory: /workspaces/DigIlit/Z/Automation-Scripts
[2025-10-20 22:50:06] [INFO] Working directory: /workspaces/DigIlit/Z/Automation-Scripts
[2025-10-20 22:50:06] [INFO] â•â•â•â•â•â•â•â•â•â•â•â•â•â•â•â•â•â•â•â•â•â•â•â•â•â•â•â•â•â•â•â•â•â•â•â•â•â•â•â•â•â•â•â•â•â•â•â•â•â•â•â•â•â•â•
[2025-10-20 22:50:06] [INFO] â•â•â•â•â•â•â•â•â•â•â•â•â•â•â•â•â•â•â•â•â•â•â•â•â•â•â•â•â•â•â•â•â•â•â•â•â•â•â•â•â•â•â•â•â•â•â•â•â•â•â•â•â•â•â•

[1m[0;36mâ•”â•â•â•â•â•â•â•â•â•â•â•â•â•â•â•â•â•â•â•â•â•â•â•â•â•â•â•â•â•â•â•â•â•â•â•â•â•â•â•â•â•â•â•â•â•â•â•â•â•â•â•â•â•â•â•â•â•â•â•â•â•—[0m
[1m[0;36mâ•‘  AI Commander Surgical Fix[0m
[1m[0;36mâ•šâ•â•â•â•â•â•â•â•â•â•â•â•â•â•â•â•â•â•â•â•â•â•â•â•â•â•â•â•â•â•â•â•â•â•â•â•â•â•â•â•â•â•â•â•â•â•â•â•â•â•â•â•â•â•â•â•â•â•â•â•â•[0m

[2025-10-20 22:50:06] [INFO] Section: AI Commander Surgical Fix
[2025-10-20 22:50:06] [INFO] Section: AI Commander Surgical Fix

[1m[0;34mâ–¶ Environment Validation[0m
[2025-10-20 22:50:06] [INFO] Subsection: Environment Validation
[2025-10-20 22:50:06] [INFO] Subsection: Environment Validation
[0;32mâœ“[0m Command available: grep
[2025-10-20 22:50:06] [SUCCESS] Command available: grep
[2025-10-20 22:50:06] [SUCCESS] Command available: grep
[0;32mâœ“[0m Command available: sed
[2025-10-20 22:50:06] [SUCCESS] Command available: sed
[2025-10-20 22:50:06] [SUCCESS] Command available: sed
[0;32mâœ“[0m Command available: find
[2025-10-20 22:50:06] [SUCCESS] Command available: find
[2025-10-20 22:50:06] [SUCCESS] Command available: find
[0;32mâœ“[0m Command available: sort
[2025-10-20 22:50:06] [SUCCESS] Command available: sort
[2025-10-20 22:50:06] [SUCCESS] Command available: sort
[0;32mâœ“[0m Command available: uniq
[2025-10-20 22:50:06] [SUCCESS] Command available: uniq
[2025-10-20 22:50:06] [SUCCESS] Command available: uniq
[0;31mâœ—[0m Required command not found: bc
[2025-10-20 22:50:06] [ERROR] Required command not found: bc
[2025-10-20 22:50:06] [ERROR] Required command not found: bc
[0;32mâœ“[0m Command available: sha256sum
[2025-10-20 22:50:06] [SUCCESS] Command available: sha256sum
[2025-10-20 22:50:06] [SUCCESS] Command available: sha256sum
[0;32mâœ“[0m Command available: python3
[2025-10-20 22:50:06] [SUCCESS] Command available: python3
[2025-10-20 22:50:06] [SUCCESS] Command available: python3
[0;32mâœ“[0m Command available: git
[2025-10-20 22:50:06] [SUCCESS] Command available: git
[2025-10-20 22:50:06] [SUCCESS] Command available: git
[0;32mâœ“[0m Project root is writable
[2025-10-20 22:50:06] [SUCCESS] Project root is writable
[2025-10-20 22:50:06] [SUCCESS] Project root is writable
[0;32mâœ“[0m Sufficient disk space: 17527MB available
[2025-10-20 22:50:06] [SUCCESS] Sufficient disk space: 17527MB available
[2025-10-20 22:50:06] [SUCCESS] Sufficient disk space: 17527MB available
[0;31m[1mâš  CRITICAL:[0m Environment validation failed
[2025-10-20 22:50:06] [CRITICAL] Environment validation failed
[2025-10-20 22:50:06] [CRITICAL] Environment validation failed
