[2025-10-20 23:12:52] [INFO] Logging initialized
[2025-10-20 23:12:52] [INFO] â•â•â•â•â•â•â•â•â•â•â•â•â•â•â•â•â•â•â•â•â•â•â•â•â•â•â•â•â•â•â•â•â•â•â•â•â•â•â•
[2025-10-20 23:12:52] [INFO] Six Sigma Engine 2.0.1-SixSigma
[2025-10-20 23:12:52] [INFO] Started: 2025-10-20 23:12:52
[2025-10-20 23:12:52] [INFO] â•â•â•â•â•â•â•â•â•â•â•â•â•â•â•â•â•â•â•â•â•â•â•â•â•â•â•â•â•â•â•â•â•â•â•â•â•â•â•

[1m[0;36mâ•”â•â•â•â•â•â•â•â•â•â•â•â•â•â•â•â•â•â•â•â•â•â•â•â•â•â•â•â•â•â•â•â•â•â•â•â•â•â•â•â•â•â•â•â•â•â•â•â•â•â•â•â•â•â•â•â•â•â•â•â•â•—[0m
[1m[0;36mâ•‘  AI Commander Fix[0m
[1m[0;36mâ•šâ•â•â•â•â•â•â•â•â•â•â•â•â•â•â•â•â•â•â•â•â•â•â•â•â•â•â•â•â•â•â•â•â•â•â•â•â•â•â•â•â•â•â•â•â•â•â•â•â•â•â•â•â•â•â•â•â•â•â•â•â•[0m

[2025-10-20 23:12:52] [INFO] Section: AI Commander Fix

[1m[0;34mâ–¶ Environment Validation[0m
[2025-10-20 23:12:52] [INFO] Subsection: Environment Validation
[0;32mâœ“[0m Command available: grep
[2025-10-20 23:12:52] [SUCCESS] Command available: grep
[0;32mâœ“[0m Command available: sed
[2025-10-20 23:12:52] [SUCCESS] Command available: sed
[0;32mâœ“[0m Command available: find
[2025-10-20 23:12:52] [SUCCESS] Command available: find
[0;32mâœ“[0m Command available: sort
[2025-10-20 23:12:52] [SUCCESS] Command available: sort
[0;32mâœ“[0m Command available: uniq
[2025-10-20 23:12:52] [SUCCESS] Command available: uniq
[0;32mâœ“[0m Command available: sha256sum
[2025-10-20 23:12:52] [SUCCESS] Command available: sha256sum
[0;32mâœ“[0m Command available: python3
[2025-10-20 23:12:52] [SUCCESS] Command available: python3
[0;32mâœ“[0m Command available: git
[2025-10-20 23:12:52] [SUCCESS] Command available: git
[1;33mâš [0m Optional command not found: bc (using fallback)
[2025-10-20 23:12:52] [WARN] Optional command not found: bc (using fallback)
[0;32mâœ“[0m Project root is writable
[2025-10-20 23:12:52] [SUCCESS] Project root is writable
[0;32mâœ“[0m Sufficient disk space: 17526MB
[2025-10-20 23:12:52] [SUCCESS] Sufficient disk space: 17526MB

[1m[0;34mâ–¶ AI Commander Analysis[0m
[2025-10-20 23:12:52] [INFO] Subsection: AI Commander Analysis
[0;31mâœ—[0m AI Commander not found: /workspaces/DigIlit/Z/Automation-Scripts/ai_commander_core.py
[2025-10-20 23:12:52] [ERROR] AI Commander not found: /workspaces/DigIlit/Z/Automation-Scripts/ai_commander_core.py
