[2025-10-21 00:31:43] [INFO] Logging initialized: /workspaces/DigIlit/Z/DigIlit-Envisioned/Z/LOGS/execution_20251021_003143.log
[2025-10-21 00:31:43] [INFO] Logging initialized: /workspaces/DigIlit/Z/DigIlit-Envisioned/Z/LOGS/execution_20251021_003143.log
[2025-10-21 00:31:43] [INFO] â•â•â•â•â•â•â•â•â•â•â•â•â•â•â•â•â•â•â•â•â•â•â•â•â•â•â•â•â•â•â•â•â•â•â•â•â•â•â•â•â•â•â•â•â•â•â•â•â•â•â•â•â•â•â•
[2025-10-21 00:31:43] [INFO] â•â•â•â•â•â•â•â•â•â•â•â•â•â•â•â•â•â•â•â•â•â•â•â•â•â•â•â•â•â•â•â•â•â•â•â•â•â•â•â•â•â•â•â•â•â•â•â•â•â•â•â•â•â•â•
[2025-10-21 00:31:43] [INFO] Dig|lit Six Sigma Analysis Engine 2.0.0-SixSigma
[2025-10-21 00:31:43] [INFO] Dig|lit Six Sigma Analysis Engine 2.0.0-SixSigma
[2025-10-21 00:31:43] [INFO] Started at: 2025-10-21 00:31:43
[2025-10-21 00:31:43] [INFO] Started at: 2025-10-21 00:31:43
[2025-10-21 00:31:43] [INFO] Working directory: /workspaces/DigIlit/Z/DigIlit-Envisioned
[2025-10-21 00:31:43] [INFO] Working directory: /workspaces/DigIlit/Z/DigIlit-Envisioned
[2025-10-21 00:31:43] [INFO] â•â•â•â•â•â•â•â•â•â•â•â•â•â•â•â•â•â•â•â•â•â•â•â•â•â•â•â•â•â•â•â•â•â•â•â•â•â•â•â•â•â•â•â•â•â•â•â•â•â•â•â•â•â•â•
[2025-10-21 00:31:43] [INFO] â•â•â•â•â•â•â•â•â•â•â•â•â•â•â•â•â•â•â•â•â•â•â•â•â•â•â•â•â•â•â•â•â•â•â•â•â•â•â•â•â•â•â•â•â•â•â•â•â•â•â•â•â•â•â•

[1m[0;36mâ•”â•â•â•â•â•â•â•â•â•â•â•â•â•â•â•â•â•â•â•â•â•â•â•â•â•â•â•â•â•â•â•â•â•â•â•â•â•â•â•â•â•â•â•â•â•â•â•â•â•â•â•â•â•â•â•â•â•â•â•â•â•—[0m
[1m[0;36mâ•‘  Six Sigma Full Analysis[0m
[1m[0;36mâ•šâ•â•â•â•â•â•â•â•â•â•â•â•â•â•â•â•â•â•â•â•â•â•â•â•â•â•â•â•â•â•â•â•â•â•â•â•â•â•â•â•â•â•â•â•â•â•â•â•â•â•â•â•â•â•â•â•â•â•â•â•â•[0m

[2025-10-21 00:31:43] [INFO] Section: Six Sigma Full Analysis
[2025-10-21 00:31:43] [INFO] Section: Six Sigma Full Analysis

[1m[0;34mâ–¶ Environment Validation[0m
[2025-10-21 00:31:43] [INFO] Subsection: Environment Validation
[2025-10-21 00:31:43] [INFO] Subsection: Environment Validation
[0;32mâœ“[0m Command available: grep
[2025-10-21 00:31:43] [SUCCESS] Command available: grep
[2025-10-21 00:31:43] [SUCCESS] Command available: grep
[0;32mâœ“[0m Command available: sed
[2025-10-21 00:31:43] [SUCCESS] Command available: sed
[2025-10-21 00:31:43] [SUCCESS] Command available: sed
[0;32mâœ“[0m Command available: find
[2025-10-21 00:31:43] [SUCCESS] Command available: find
[2025-10-21 00:31:43] [SUCCESS] Command available: find
[0;32mâœ“[0m Command available: sort
[2025-10-21 00:31:43] [SUCCESS] Command available: sort
[2025-10-21 00:31:43] [SUCCESS] Command available: sort
[0;32mâœ“[0m Command available: uniq
[2025-10-21 00:31:43] [SUCCESS] Command available: uniq
[2025-10-21 00:31:43] [SUCCESS] Command available: uniq
[0;32mâœ“[0m Command available: sha256sum
[2025-10-21 00:31:43] [SUCCESS] Command available: sha256sum
[2025-10-21 00:31:43] [SUCCESS] Command available: sha256sum
[0;32mâœ“[0m Command available: python3
[2025-10-21 00:31:43] [SUCCESS] Command available: python3
[2025-10-21 00:31:43] [SUCCESS] Command available: python3
[0;32mâœ“[0m Command available: git
[2025-10-21 00:31:43] [SUCCESS] Command available: git
[2025-10-21 00:31:43] [SUCCESS] Command available: git
[1;33mâš [0m Optional command not found: bc
[2025-10-21 00:31:43] [WARN] Optional command not found: bc
[2025-10-21 00:31:43] [WARN] Optional command not found: bc
[1;33m  To install: sudo apt-get install -y bc[0m
[1;33m  Fallback calculations will be used[0m
[0;32mâœ“[0m Project root is writable
[2025-10-21 00:31:43] [SUCCESS] Project root is writable
[2025-10-21 00:31:43] [SUCCESS] Project root is writable
[0;32mâœ“[0m Sufficient disk space: 17526MB available
[2025-10-21 00:31:43] [SUCCESS] Sufficient disk space: 17526MB available
[2025-10-21 00:31:43] [SUCCESS] Sufficient disk space: 17526MB available

[1m[0;34mâ–¶ Surgical AI Commander Analysis[0m
[2025-10-21 00:31:43] [INFO] Subsection: Surgical AI Commander Analysis
[2025-10-21 00:31:43] [INFO] Subsection: Surgical AI Commander Analysis
[0;32mâœ“[0m AI Commander located: /workspaces/DigIlit/Z/DigIlit-Envisioned/ai_commander_core.py
[2025-10-21 00:31:43] [SUCCESS] AI Commander located: /workspaces/DigIlit/Z/DigIlit-Envisioned/ai_commander_core.py
[2025-10-21 00:31:43] [SUCCESS] AI Commander located: /workspaces/DigIlit/Z/DigIlit-Envisioned/ai_commander_core.py
